0023:err:plugplay:process_IOService_Device object 0x9903
0023:err:plugplay:process_IOService_Device object 0x9807
0023:err:plugplay:process_IOService_Device object 0x9607
0023:err:plugplay:process_IOService_Device object 0x6a07
0023:err:plugplay:process_IOService_Device object 0x6b07
0023:err:plugplay:process_IOService_Device object 0x6d07
0023:err:plugplay:process_IOService_Device object 0x9103
0009:fixme:exec:SHELL_execute flags ignored: 0x00000100
0009:fixme:ntdll:FILE_GetNtStatus Converting errno 8 to STATUS_UNSUCCESSFUL
0033:fixme:ntdll:NtQuerySystemInformation info_class SYSTEM_PERFORMANCE_INFORMATION
0033:fixme:heap:GetNumaHighestNodeNumber semi-stub: 0031FAC8
0035:err:ole:CoGetContextToken apartment not initialised
0033:fixme:time:QueryThreadCycleTime (0xfffffffe,0x3f92560): stub!
0033:fixme:path:parse_url failed to parse L"System.Windows.Forms"
0033:fixme:path:parse_url failed to parse L"System.Drawing"
0033:fixme:path:parse_url failed to parse L"System"
0033:fixme:path:parse_url failed to parse L"System.Configuration"
0033:fixme:path:parse_url failed to parse L"System.Xml"
0033:fixme:path:parse_url failed to parse L"Accessibility"
0033:fixme:path:parse_url failed to parse L"System.Security"
0033:fixme:path:parse_url failed to parse L"System.Runtime.Serialization.Formatters.Soap"
0033:fixme:path:parse_url failed to parse L"System.Deployment"
0033:fixme:path:parse_url failed to parse L"System.Core"
0033:fixme:path:parse_url failed to parse L"System.Drawing"
0033:fixme:path:parse_url failed to parse L"System"
0033:fixme:path:parse_url failed to parse L"System.Core"
0033:fixme:path:parse_url failed to parse L"System.Numerics"
0033:fixme:nls:get_dummy_preferred_ui_language (0x8 0x31daf4 0x0 0x31daf0) returning a dummy value (current locale)
0033:fixme:nls:get_dummy_preferred_ui_language (0x8 0x31daf4 0x3a31738 0x31daf0) returning a dummy value (current locale)
0033:fixme:ntdll:EtwEventRegister ({8e9f5090-2d75-4d03-8a81-e5afbf85daf1}, 0xa60302, 0x0, 0x1864798) stub.
0033:fixme:path:parse_url failed to parse L"osu!.resources"
0033:fixme:nls:LCMapStringEx unsupported lparam 3a6ef08
0033:fixme:path:parse_url failed to parse L"osu!.resources"
0033:fixme:gdiplus:GdipGetFamilyName No support for handling of multiple languages!
0033:fixme:thread:NtGetCurrentProcessorNumber need multicore support (4 processors)
0033:fixme:thread:RtlCreateUserThread stack_reserve != 0 is unimplemented
0038:fixme:sync:SetWaitableTimerEx (00000218, 0627FDA8, 500, 00000000, 00000000, 00000000, 50) semi-stub
0033:fixme:gdiplus:GdipCreateHalftonePalette stub
003a:fixme:path:parse_url failed to parse L"System.Configuration"
003a:fixme:path:parse_url failed to parse L"System.Xml"
003a:fixme:path:parse_url failed to parse L"System.Data.SqlXml"
003a:fixme:ras:RasEnumConnectionsW (03CFBAF0,0657F200,0657F204),stub!
003a:fixme:ras:RasEnumConnectionsW RAS support is not implemented! Configure program to use LAN connection/winsock instead!
003b:fixme:path:parse_url failed to parse L"System.Web"
003b:fixme:path:parse_url failed to parse L"Microsoft.Build.Framework"
003b:fixme:path:parse_url failed to parse L"Microsoft.Build.Utilities.v4.0"
003b:fixme:path:parse_url failed to parse L"System.ComponentModel.DataAnnotations"
003b:fixme:path:parse_url failed to parse L"System.Runtime.Caching"
003b:fixme:path:parse_url failed to parse L"System.Data"
003b:fixme:path:parse_url failed to parse L"System.Web.ApplicationServices"
003b:fixme:path:parse_url failed to parse L"System.DirectoryServices.Protocols"
003b:fixme:path:parse_url failed to parse L"System.DirectoryServices"
003b:fixme:path:parse_url failed to parse L"System.EnterpriseServices"
003b:fixme:path:parse_url failed to parse L"System.ServiceProcess"
003b:fixme:path:parse_url failed to parse L"System.Web.Services"
003b:fixme:path:parse_url failed to parse L"System.Design"
003b:fixme:path:parse_url failed to parse L"Microsoft.Build.Tasks.v4.0"
003b:fixme:path:parse_url failed to parse L"System.Web.RegularExpressions"
003b:fixme:path:parse_url failed to parse L"System.Transactions"
003a:fixme:winsock:set_dont_fragment IP_DONTFRAGMENT for IPv4 not supported in this platform
003a:fixme:winsock:set_dont_fragment IP_DONTFRAGMENT for IPv6 not supported in this platform
003a:err:winsock:WSAIoctl -> SIO_ADDRESS_LIST_CHANGE request failed with status 0x2733
003a:err:winsock:WSAIoctl -> SIO_ADDRESS_LIST_CHANGE request failed with status 0x2733
003a:fixme:ras:RasConnectionNotificationW (FFFFFFFF,0000036C,0x00000003),stub!
003a:err:winsock:WSAIoctl -> SIO_ADDRESS_LIST_CHANGE request failed with status 0x2733
003a:err:winsock:WSAIoctl -> SIO_ADDRESS_LIST_CHANGE request failed with status 0x2733
003a:err:winediag:SECUR32_initNTLMSP ntlm_auth was not found or is outdated. Make sure that ntlm_auth >= 3.0.25 is in your path. Usually, you can find it in the winbind package of your distribution.
003a:fixme:secur32:schan_get_cipher_algid Don't know CALG for encryption algorithm 2, returning 0
003a:fixme:secur32:schan_imp_get_max_message_size Returning 1 << 14.
003a:fixme:secur32:schan_get_cipher_algid Don't know CALG for encryption algorithm 2, returning 0
003a:fixme:crypt:CertAddCertificateLinkToStore (0x3cfdc48, 0x3cff0ac, 00000004, 0x0): semi-stub
003a:fixme:nls:GetFileMUIPath stub: 0x10, L"C:\\windows\\system32\\tzres.dll", (null), 0x657e754, 0x3cfdd78, 0x657e758, 0x657e74c
003a:fixme:nls:GetFileMUIPath stub: 0x10, L"C:\\windows\\system32\\tzres.dll", (null), 0x657e754, 0x3cfdd78, 0x657e758, 0x657e74c
003a:fixme:combase:RoGetParameterizedTypeInstanceIID stub: 4 03CFE2C8 0657D44C 0657DAB0 00000000
003a:fixme:combase:RoGetParameterizedTypeInstanceIID stub: 3 03CFE2B4 0657D63C 0657DCA0 00000000
003a:fixme:combase:RoGetParameterizedTypeInstanceIID stub: 3 03CFE2B4 0657D63C 0657DCA0 00000000
003a:fixme:process:FlushProcessWriteBuffers : stub
0035:fixme:ole:Context_CC_ContextCallback (03A7F668/03A7F66C)->(00E77011, 039EF9EC, {d7174f82-36b8-4aa8-800a-e963ab2dfab9}, 2, 00000000)
0035:fixme:ole:Context_CC_ContextCallback (03A7F668/03A7F66C)->(00E77011, 039EF974, {d7174f82-36b8-4aa8-800a-e963ab2dfab9}, 2, 00000000)
0035:fixme:ole:Context_CC_ContextCallback (03A7F668/03A7F66C)->(00E77011, 039EF974, {d7174f82-36b8-4aa8-800a-e963ab2dfab9}, 2, 00000000)
0035:fixme:ole:Context_CC_ContextCallback (03A7F668/03A7F66C)->(00E77011, 039EF974, {d7174f82-36b8-4aa8-800a-e963ab2dfab9}, 2, 00000000)
0035:fixme:ole:Context_CC_ContextCallback (03A7F668/03A7F66C)->(00E77011, 039EF974, {d7174f82-36b8-4aa8-800a-e963ab2dfab9}, 2, 00000000)
003a:fixme:path:parse_url failed to parse L"System.Numerics"
003a:fixme:path:parse_url failed to parse L"System.Runtime.Serialization"
003a:fixme:path:parse_url failed to parse L"SMDiagnostics"
003a:fixme:path:parse_url failed to parse L"System.ServiceModel.Internals"
003a:fixme:path:parse_url failed to parse L"System.Data"
003e:fixme:secur32:schan_get_cipher_algid Don't know CALG for encryption algorithm 2, returning 0
003e:fixme:secur32:schan_imp_get_max_message_size Returning 1 << 14.
003e:fixme:secur32:schan_get_cipher_algid Don't know CALG for encryption algorithm 2, returning 0
0041:fixme:secur32:schan_get_cipher_algid Don't know CALG for encryption algorithm 2, returning 0
0041:fixme:secur32:schan_imp_get_max_message_size Returning 1 << 14.
0041:fixme:secur32:schan_get_cipher_algid Don't know CALG for encryption algorithm 2, returning 0
0047:fixme:secur32:schan_get_cipher_algid Don't know CALG for encryption algorithm 2, returning 0
0047:fixme:secur32:schan_imp_get_max_message_size Returning 1 << 14.
0047:fixme:secur32:schan_get_cipher_algid Don't know CALG for encryption algorithm 2, returning 0
004d:fixme:secur32:schan_get_cipher_algid Don't know CALG for encryption algorithm 2, returning 0
004d:fixme:secur32:schan_imp_get_max_message_size Returning 1 << 14.
004d:fixme:secur32:schan_get_cipher_algid Don't know CALG for encryption algorithm 2, returning 0
0049:fixme:secur32:schan_get_cipher_algid Don't know CALG for encryption algorithm 2, returning 0
0049:fixme:secur32:schan_imp_get_max_message_size Returning 1 << 14.
0049:fixme:secur32:schan_get_cipher_algid Don't know CALG for encryption algorithm 2, returning 0
0043:fixme:secur32:schan_get_cipher_algid Don't know CALG for encryption algorithm 2, returning 0
0043:fixme:secur32:schan_imp_get_max_message_size Returning 1 << 14.
0043:fixme:secur32:schan_get_cipher_algid Don't know CALG for encryption algorithm 2, returning 0
0035:fixme:ole:Context_CC_ContextCallback (03ABD790/03ABD794)->(00E77011, 039EF9EC, {d7174f82-36b8-4aa8-800a-e963ab2dfab9}, 2, 00000000)
0035:fixme:ole:Context_CC_ContextCallback (03ABD790/03ABD794)->(00E77011, 039EF974, {d7174f82-36b8-4aa8-800a-e963ab2dfab9}, 2, 00000000)
0035:fixme:ole:Context_CC_ContextCallback (03ABD790/03ABD794)->(00E77011, 039EF974, {d7174f82-36b8-4aa8-800a-e963ab2dfab9}, 2, 00000000)
0035:fixme:ole:Context_CC_ContextCallback (03ABD790/03ABD794)->(00E77011, 039EF974, {d7174f82-36b8-4aa8-800a-e963ab2dfab9}, 2, 00000000)
0035:fixme:ole:Context_CC_ContextCallback (03ABD790/03ABD794)->(00E77011, 039EF974, {d7174f82-36b8-4aa8-800a-e963ab2dfab9}, 2, 00000000)
0057:fixme:secur32:schan_get_cipher_algid Don't know CALG for encryption algorithm 2, returning 0
0057:fixme:secur32:schan_imp_get_max_message_size Returning 1 << 14.
0057:fixme:secur32:schan_get_cipher_algid Don't know CALG for encryption algorithm 2, returning 0
0051:fixme:secur32:schan_get_cipher_algid Don't know CALG for encryption algorithm 2, returning 0
0051:fixme:secur32:schan_imp_get_max_message_size Returning 1 << 14.
0051:fixme:secur32:schan_get_cipher_algid Don't know CALG for encryption algorithm 2, returning 0
0054:fixme:secur32:schan_get_cipher_algid Don't know CALG for encryption algorithm 2, returning 0
0054:fixme:secur32:schan_imp_get_max_message_size Returning 1 << 14.
0054:fixme:secur32:schan_get_cipher_algid Don't know CALG for encryption algorithm 2, returning 0
0052:fixme:secur32:schan_get_cipher_algid Don't know CALG for encryption algorithm 2, returning 0
0052:fixme:secur32:schan_imp_get_max_message_size Returning 1 << 14.
0052:fixme:secur32:schan_get_cipher_algid Don't know CALG for encryption algorithm 2, returning 0
0045:fixme:secur32:schan_get_cipher_algid Don't know CALG for encryption algorithm 2, returning 0
0045:fixme:secur32:schan_imp_get_max_message_size Returning 1 << 14.
0045:fixme:secur32:schan_get_cipher_algid Don't know CALG for encryption algorithm 2, returning 0
004b:fixme:secur32:schan_get_cipher_algid Don't know CALG for encryption algorithm 2, returning 0
004b:fixme:secur32:schan_imp_get_max_message_size Returning 1 << 14.
004b:fixme:secur32:schan_get_cipher_algid Don't know CALG for encryption algorithm 2, returning 0
003d:fixme:secur32:schan_get_cipher_algid Don't know CALG for encryption algorithm 2, returning 0
003d:fixme:secur32:schan_imp_get_max_message_size Returning 1 << 14.
003d:fixme:secur32:schan_get_cipher_algid Don't know CALG for encryption algorithm 2, returning 0
004f:fixme:secur32:schan_get_cipher_algid Don't know CALG for encryption algorithm 2, returning 0
004f:fixme:secur32:schan_imp_get_max_message_size Returning 1 << 14.
004f:fixme:secur32:schan_get_cipher_algid Don't know CALG for encryption algorithm 2, returning 0
003f:fixme:secur32:schan_get_cipher_algid Don't know CALG for encryption algorithm 2, returning 0
003f:fixme:secur32:schan_imp_get_max_message_size Returning 1 << 14.
003f:fixme:secur32:schan_get_cipher_algid Don't know CALG for encryption algorithm 2, returning 0
0039:fixme:thread:NtQueryInformationThread ThreadIsIoPending info class not supported yet
0037:fixme:thread:RtlCreateUserThread stack_reserve != 0 is unimplemented
0033:fixme:exec:SHELL_execute flags ignored: 0x00000100
005d:fixme:ntdll:NtQuerySystemInformation info_class SYSTEM_PERFORMANCE_INFORMATION
005d:fixme:heap:GetNumaHighestNodeNumber semi-stub: 0031FAC8
005f:err:ole:CoGetContextToken apartment not initialised
005d:fixme:time:QueryThreadCycleTime (0xfffffffe,0x3f92560): stub!
005d:fixme:path:parse_url failed to parse L"System.Windows.Forms"
005d:fixme:path:parse_url failed to parse L"System.Drawing"
005d:fixme:path:parse_url failed to parse L"System"
005d:fixme:path:parse_url failed to parse L"System.Configuration"
005d:fixme:path:parse_url failed to parse L"System.Xml"
005d:fixme:path:parse_url failed to parse L"Accessibility"
005d:fixme:path:parse_url failed to parse L"System.Security"
005d:fixme:path:parse_url failed to parse L"System.Runtime.Serialization.Formatters.Soap"
005d:fixme:path:parse_url failed to parse L"System.Deployment"
005d:fixme:path:parse_url failed to parse L"System.Core"
005d:fixme:path:parse_url failed to parse L"System.Drawing"
005d:fixme:path:parse_url failed to parse L"System"
005d:fixme:path:parse_url failed to parse L"System.Core"
005d:fixme:path:parse_url failed to parse L"System.Numerics"
005d:fixme:nls:get_dummy_preferred_ui_language (0x8 0x31daf4 0x0 0x31daf0) returning a dummy value (current locale)
005d:fixme:nls:get_dummy_preferred_ui_language (0x8 0x31daf4 0x3a21240 0x31daf0) returning a dummy value (current locale)
005d:fixme:ntdll:EtwEventRegister ({8e9f5090-2d75-4d03-8a81-e5afbf85daf1}, 0xa60332, 0x0, 0x18ada00) stub.
005d:fixme:path:parse_url failed to parse L"osu!.resources"
0068:fixme:path:parse_url failed to parse L"System.Web"
0068:fixme:path:parse_url failed to parse L"Microsoft.Build.Framework"
0068:fixme:path:parse_url failed to parse L"Microsoft.Build.Utilities.v4.0"
005d:fixme:nls:LCMapStringEx unsupported lparam 3a4e8b0
0068:fixme:path:parse_url failed to parse L"System.ComponentModel.DataAnnotations"
0068:fixme:path:parse_url failed to parse L"System.Runtime.Caching"
005d:fixme:path:parse_url failed to parse L"osu!.resources"
0068:fixme:path:parse_url failed to parse L"System.Data"
0068:fixme:path:parse_url failed to parse L"System.Web.ApplicationServices"
0068:fixme:path:parse_url failed to parse L"System.DirectoryServices.Protocols"
0068:fixme:path:parse_url failed to parse L"System.DirectoryServices"
0068:fixme:path:parse_url failed to parse L"System.EnterpriseServices"
0068:fixme:path:parse_url failed to parse L"System.ServiceProcess"
0068:fixme:path:parse_url failed to parse L"System.Web.Services"
0068:fixme:path:parse_url failed to parse L"System.Design"
0068:fixme:path:parse_url failed to parse L"Microsoft.Build.Tasks.v4.0"
0068:fixme:path:parse_url failed to parse L"System.Web.RegularExpressions"
0068:fixme:path:parse_url failed to parse L"System.Transactions"
0068:fixme:combase:RoGetParameterizedTypeInstanceIID stub: 4 03B1FF70 0644B6AC 0644BD10 00000000
0068:fixme:combase:RoGetParameterizedTypeInstanceIID stub: 3 03B20414 0644B89C 0644BF00 00000000
0068:fixme:combase:RoGetParameterizedTypeInstanceIID stub: 3 03B20414 0644B89C 0644BF00 00000000
005d:fixme:process:SetProcessPriorityBoost (000002EC,0): stub
005d:fixme:path:parse_url failed to parse L"OpenTK"
006c:fixme:path:parse_url failed to parse L"System.Configuration"
006c:fixme:path:parse_url failed to parse L"System.Xml"
006c:fixme:path:parse_url failed to parse L"System.Data.SqlXml"
006c:fixme:ras:RasEnumConnectionsW (03BEB050,078FED80,078FED84),stub!
006c:fixme:ras:RasEnumConnectionsW RAS support is not implemented! Configure program to use LAN connection/winsock instead!
006c:fixme:winsock:set_dont_fragment IP_DONTFRAGMENT for IPv4 not supported in this platform
006c:fixme:winsock:set_dont_fragment IP_DONTFRAGMENT for IPv6 not supported in this platform
006c:err:winsock:WSAIoctl -> SIO_ADDRESS_LIST_CHANGE request failed with status 0x2733
006c:err:winsock:WSAIoctl -> SIO_ADDRESS_LIST_CHANGE request failed with status 0x2733
006c:fixme:ras:RasConnectionNotificationW (FFFFFFFF,000003C8,0x00000003),stub!
006a:fixme:gdiplus:GdipGetFamilyName No support for handling of multiple languages!
006a:fixme:gdiplus:GdipCreateHalftonePalette stub
006c:err:winsock:WSAIoctl -> SIO_ADDRESS_LIST_CHANGE request failed with status 0x2733
006c:err:winsock:WSAIoctl -> SIO_ADDRESS_LIST_CHANGE request failed with status 0x2733
006c:err:winediag:SECUR32_initNTLMSP ntlm_auth was not found or is outdated. Make sure that ntlm_auth >= 3.0.25 is in your path. Usually, you can find it in the winbind package of your distribution.
006c:fixme:secur32:schan_get_cipher_algid Don't know CALG for encryption algorithm 2, returning 0
006c:fixme:secur32:schan_imp_get_max_message_size Returning 1 << 14.
006c:fixme:secur32:schan_get_cipher_algid Don't know CALG for encryption algorithm 2, returning 0
006c:fixme:crypt:CertAddCertificateLinkToStore (0x3c1a060, 0x3c18a14, 00000004, 0x0): semi-stub
006c:fixme:nls:GetFileMUIPath stub: 0x10, L"C:\\windows\\system32\\tzres.dll", (null), 0x78fe2d4, 0x3c15cb0, 0x78fe2d8, 0x78fe2cc
006c:fixme:nls:GetFileMUIPath stub: 0x10, L"C:\\windows\\system32\\tzres.dll", (null), 0x78fe2d4, 0x3c15cb0, 0x78fe2d8, 0x78fe2cc
005d:fixme:combase:RoGetParameterizedTypeInstanceIID stub: 4 03C187B8 0031D25C 0031D8C0 00000000
005d:fixme:combase:RoGetParameterizedTypeInstanceIID stub: 3 03C187A4 0031D44C 0031DAB0 00000000
005d:fixme:combase:RoGetParameterizedTypeInstanceIID stub: 3 03C187A4 0031D44C 0031DAB0 00000000
005d:fixme:process:FlushProcessWriteBuffers : stub
006c:fixme:path:parse_url failed to parse L"System.Numerics"
005f:fixme:ole:Context_CC_ContextCallback (03C2A520/03C2A524)->(00E77011, 039EF9EC, {d7174f82-36b8-4aa8-800a-e963ab2dfab9}, 2, 00000000)
005f:fixme:ole:Context_CC_ContextCallback (03C2A520/03C2A524)->(00E77011, 039EF974, {d7174f82-36b8-4aa8-800a-e963ab2dfab9}, 2, 00000000)
005f:fixme:ole:Context_CC_ContextCallback (03C2A520/03C2A524)->(00E77011, 039EF974, {d7174f82-36b8-4aa8-800a-e963ab2dfab9}, 2, 00000000)
005f:fixme:ole:Context_CC_ContextCallback (03C2A520/03C2A524)->(00E77011, 039EF974, {d7174f82-36b8-4aa8-800a-e963ab2dfab9}, 2, 00000000)
005f:fixme:ole:Context_CC_ContextCallback (03C2A520/03C2A524)->(00E77011, 039EF974, {d7174f82-36b8-4aa8-800a-e963ab2dfab9}, 2, 00000000)
005f:fixme:ole:Context_CC_ContextCallback (03BF6078/03BF607C)->(00E77011, 039EF9EC, {d7174f82-36b8-4aa8-800a-e963ab2dfab9}, 2, 00000000)
005f:fixme:ole:Context_CC_ContextCallback (03BF6078/03BF607C)->(00E77011, 039EF974, {d7174f82-36b8-4aa8-800a-e963ab2dfab9}, 2, 00000000)
005f:fixme:ole:Context_CC_ContextCallback (03BF6078/03BF607C)->(00E77011, 039EF974, {d7174f82-36b8-4aa8-800a-e963ab2dfab9}, 2, 00000000)
005f:fixme:ole:Context_CC_ContextCallback (03BF6078/03BF607C)->(00E77011, 039EF974, {d7174f82-36b8-4aa8-800a-e963ab2dfab9}, 2, 00000000)
005f:fixme:ole:Context_CC_ContextCallback (03BF6078/03BF607C)->(00E77011, 039EF974, {d7174f82-36b8-4aa8-800a-e963ab2dfab9}, 2, 00000000)
006c:fixme:path:parse_url failed to parse L"System.Runtime.Serialization"
006c:fixme:path:parse_url failed to parse L"SMDiagnostics"
006c:fixme:path:parse_url failed to parse L"System.ServiceModel.Internals"
006c:fixme:path:parse_url failed to parse L"System.Data"
005d:fixme:coreaudio:ca_channel_layout_to_channel_mask Unhandled channel 0xffffffff
005d:fixme:coreaudio:ca_channel_layout_to_channel_mask Unhandled channel 0xffffffff
005d:fixme:coreaudio:ca_channel_layout_to_channel_mask Unhandled channel 0xffffffff
005d:fixme:coreaudio:ca_channel_layout_to_channel_mask Unhandled channel 0xffffffff
005d:fixme:coreaudio:ca_channel_layout_to_channel_mask Unhandled channel 0xffffffff
005d:fixme:coreaudio:ca_channel_layout_to_channel_mask Unhandled channel 0xffffffff
005d:fixme:coreaudio:ca_channel_layout_to_channel_mask Unhandled channel 0xffffffff
005d:fixme:coreaudio:ca_channel_layout_to_channel_mask Unhandled channel 0xffffffff
005d:fixme:coreaudio:ca_channel_layout_to_channel_mask Unhandled channel 0xffffffff
005d:fixme:coreaudio:ca_channel_layout_to_channel_mask Unhandled channel 0xffffffff
005d:fixme:coreaudio:ca_channel_layout_to_channel_mask Unhandled channel 0xffffffff
005d:fixme:coreaudio:ca_channel_layout_to_channel_mask Unhandled channel 0xffffffff
005d:fixme:coreaudio:ca_channel_layout_to_channel_mask Unhandled channel 0xffffffff
005d:fixme:coreaudio:ca_channel_layout_to_channel_mask Unhandled channel 0xffffffff
005d:fixme:coreaudio:ca_channel_layout_to_channel_mask Unhandled channel 0xffffffff
005d:fixme:coreaudio:ca_channel_layout_to_channel_mask Unhandled channel 0xffffffff
005d:fixme:coreaudio:ca_channel_layout_to_channel_mask Unhandled channel 0xffffffff
005d:fixme:coreaudio:ca_channel_layout_to_channel_mask Unhandled channel 0xffffffff
005d:fixme:coreaudio:ca_channel_layout_to_channel_mask Unhandled channel 0xffffffff
005d:fixme:coreaudio:ca_channel_layout_to_channel_mask Unhandled channel 0xffffffff
005d:fixme:coreaudio:ca_channel_layout_to_channel_mask Unhandled channel 0xffffffff
005d:fixme:coreaudio:ca_channel_layout_to_channel_mask Unhandled channel 0xffffffff
005d:fixme:coreaudio:ca_channel_layout_to_channel_mask Unhandled channel 0xffffffff
005d:fixme:coreaudio:ca_channel_layout_to_channel_mask Unhandled channel 0xffffffff
005d:fixme:coreaudio:ca_channel_layout_to_channel_mask Unhandled channel 0xffffffff
005d:fixme:coreaudio:ca_channel_layout_to_channel_mask Unhandled channel 0xffffffff
005d:fixme:coreaudio:ca_channel_layout_to_channel_mask Unhandled channel 0xffffffff
005d:fixme:coreaudio:ca_channel_layout_to_channel_mask Unhandled channel 0xffffffff
005d:fixme:coreaudio:ca_channel_layout_to_channel_mask Unhandled channel 0xffffffff
005d:fixme:coreaudio:ca_channel_layout_to_channel_mask Unhandled channel 0xffffffff
005d:fixme:coreaudio:ca_channel_layout_to_channel_mask Unhandled channel 0xffffffff
005d:fixme:coreaudio:ca_channel_layout_to_channel_mask Unhandled channel 0xffffffff
005d:fixme:coreaudio:ca_channel_layout_to_channel_mask Unhandled channel 0xffffffff
005d:fixme:coreaudio:ca_channel_layout_to_channel_mask Unhandled channel 0xffffffff
005d:fixme:coreaudio:ca_channel_layout_to_channel_mask Unhandled channel 0xffffffff
005d:fixme:coreaudio:ca_channel_layout_to_channel_mask Unhandled channel 0xffffffff
005d:fixme:coreaudio:ca_channel_layout_to_channel_mask Unhandled channel 0xffffffff
005d:fixme:coreaudio:ca_channel_layout_to_channel_mask Unhandled channel 0xffffffff
005d:fixme:coreaudio:ca_channel_layout_to_channel_mask Unhandled channel 0xffffffff
005d:fixme:coreaudio:ca_channel_layout_to_channel_mask Unhandled channel 0xffffffff
005d:fixme:coreaudio:ca_channel_layout_to_channel_mask Unhandled channel 0xffffffff
005d:fixme:coreaudio:ca_channel_layout_to_channel_mask Unhandled channel 0xffffffff
005d:fixme:coreaudio:ca_channel_layout_to_channel_mask Unhandled channel 0xffffffff
005d:fixme:coreaudio:ca_channel_layout_to_channel_mask Unhandled channel 0xffffffff
005d:fixme:coreaudio:ca_channel_layout_to_channel_mask Unhandled channel 0xffffffff
005d:fixme:coreaudio:ca_channel_layout_to_channel_mask Unhandled channel 0xffffffff
005d:fixme:coreaudio:ca_channel_layout_to_channel_mask Unhandled channel 0xffffffff
005d:fixme:coreaudio:ca_channel_layout_to_channel_mask Unhandled channel 0xffffffff
005d:fixme:coreaudio:ca_channel_layout_to_channel_mask Unhandled channel 0xffffffff
005d:fixme:coreaudio:ca_channel_layout_to_channel_mask Unhandled channel 0xffffffff
005d:fixme:coreaudio:ca_channel_layout_to_channel_mask Unhandled channel 0xffffffff
005d:fixme:coreaudio:ca_channel_layout_to_channel_mask Unhandled channel 0xffffffff
005d:fixme:coreaudio:ca_channel_layout_to_channel_mask Unhandled channel 0xffffffff
005d:fixme:coreaudio:ca_channel_layout_to_channel_mask Unhandled channel 0xffffffff
005d:fixme:coreaudio:ca_channel_layout_to_channel_mask Unhandled channel 0xffffffff
005d:fixme:coreaudio:ca_channel_layout_to_channel_mask Unhandled channel 0xffffffff
005d:fixme:coreaudio:ca_channel_layout_to_channel_mask Unhandled channel 0xffffffff
005d:fixme:coreaudio:ca_channel_layout_to_channel_mask Unhandled channel 0xffffffff
005d:fixme:coreaudio:ca_channel_layout_to_channel_mask Unhandled channel 0xffffffff
005d:fixme:coreaudio:ca_channel_layout_to_channel_mask Unhandled channel 0xffffffff
005d:fixme:coreaudio:ca_channel_layout_to_channel_mask Unhandled channel 0xffffffff
005d:fixme:coreaudio:ca_channel_layout_to_channel_mask Unhandled channel 0xffffffff
005d:fixme:coreaudio:ca_channel_layout_to_channel_mask Unhandled channel 0xffffffff
005d:fixme:coreaudio:ca_channel_layout_to_channel_mask Unhandled channel 0xffffffff
005d:fixme:coreaudio:ca_channel_layout_to_channel_mask Unhandled channel 0xffffffff
005d:fixme:coreaudio:ca_channel_layout_to_channel_mask Unhandled channel 0xffffffff
005d:fixme:coreaudio:ca_channel_layout_to_channel_mask Unhandled channel 0xffffffff
005d:fixme:coreaudio:ca_channel_layout_to_channel_mask Unhandled channel 0xffffffff
005d:fixme:coreaudio:ca_channel_layout_to_channel_mask Unhandled channel 0xffffffff
005d:fixme:coreaudio:ca_channel_layout_to_channel_mask Unhandled channel 0xffffffff
005d:fixme:coreaudio:ca_channel_layout_to_channel_mask Unhandled channel 0xffffffff
005d:fixme:coreaudio:ca_channel_layout_to_channel_mask Unhandled channel 0xffffffff
005d:fixme:coreaudio:ca_channel_layout_to_channel_mask Unhandled channel 0xffffffff
005d:fixme:coreaudio:ca_channel_layout_to_channel_mask Unhandled channel 0xffffffff
005d:fixme:coreaudio:ca_channel_layout_to_channel_mask Unhandled channel 0xffffffff
005d:fixme:coreaudio:ca_channel_layout_to_channel_mask Unhandled channel 0xffffffff
005d:fixme:coreaudio:ca_channel_layout_to_channel_mask Unhandled channel 0xffffffff
005d:fixme:coreaudio:ca_channel_layout_to_channel_mask Unhandled channel 0xffffffff
005d:fixme:coreaudio:ca_channel_layout_to_channel_mask Unhandled channel 0xffffffff
005d:fixme:coreaudio:ca_channel_layout_to_channel_mask Unhandled channel 0xffffffff
005d:fixme:coreaudio:ca_channel_layout_to_channel_mask Unhandled channel 0xffffffff
005d:fixme:coreaudio:ca_channel_layout_to_channel_mask Unhandled channel 0xffffffff
005d:fixme:coreaudio:ca_channel_layout_to_channel_mask Unhandled channel 0xffffffff
005d:fixme:coreaudio:ca_channel_layout_to_channel_mask Unhandled channel 0xffffffff
006f:fixme:path:parse_url failed to parse L"System.Runtime.Remoting"
005d:fixme:coreaudio:ca_channel_layout_to_channel_mask Unhandled channel 0xffffffff
005d:fixme:coreaudio:ca_channel_layout_to_channel_mask Unhandled channel 0xffffffff
005d:fixme:coreaudio:ca_channel_layout_to_channel_mask Unhandled channel 0xffffffff
005d:fixme:coreaudio:ca_channel_layout_to_channel_mask Unhandled channel 0xffffffff
005d:fixme:coreaudio:ca_channel_layout_to_channel_mask Unhandled channel 0xffffffff
005d:fixme:coreaudio:ca_channel_layout_to_channel_mask Unhandled channel 0xffffffff
005d:fixme:coreaudio:ca_channel_layout_to_channel_mask Unhandled channel 0xffffffff
005d:fixme:coreaudio:ca_channel_layout_to_channel_mask Unhandled channel 0xffffffff
006f:fixme:path:parse_url failed to parse L"Microsoft.Ink"
005d:fixme:coreaudio:ca_channel_layout_to_channel_mask Unhandled channel 0xffffffff
005d:fixme:coreaudio:ca_channel_layout_to_channel_mask Unhandled channel 0xffffffff
005d:fixme:coreaudio:ca_channel_layout_to_channel_mask Unhandled channel 0xffffffff
005d:fixme:coreaudio:ca_channel_layout_to_channel_mask Unhandled channel 0xffffffff
005d:fixme:coreaudio:ca_channel_layout_to_channel_mask Unhandled channel 0xffffffff
005d:fixme:coreaudio:ca_channel_layout_to_channel_mask Unhandled channel 0xffffffff
005d:fixme:coreaudio:ca_channel_layout_to_channel_mask Unhandled channel 0xffffffff
005d:fixme:coreaudio:ca_channel_layout_to_channel_mask Unhandled channel 0xffffffff
005d:fixme:coreaudio:ca_channel_layout_to_channel_mask Unhandled channel 0xffffffff
005d:fixme:coreaudio:ca_channel_layout_to_channel_mask Unhandled channel 0xffffffff
005d:fixme:coreaudio:ca_channel_layout_to_channel_mask Unhandled channel 0xffffffff
005d:fixme:coreaudio:ca_channel_layout_to_channel_mask Unhandled channel 0xffffffff
005d:fixme:coreaudio:ca_channel_layout_to_channel_mask Unhandled channel 0xffffffff
005d:fixme:coreaudio:ca_channel_layout_to_channel_mask Unhandled channel 0xffffffff
005d:fixme:coreaudio:ca_channel_layout_to_channel_mask Unhandled channel 0xffffffff
005d:fixme:coreaudio:ca_channel_layout_to_channel_mask Unhandled channel 0xffffffff
005d:fixme:coreaudio:ca_channel_layout_to_channel_mask Unhandled channel 0xffffffff
005d:fixme:coreaudio:ca_channel_layout_to_channel_mask Unhandled channel 0xffffffff
005d:fixme:coreaudio:ca_channel_layout_to_channel_mask Unhandled channel 0xffffffff
005d:fixme:coreaudio:ca_channel_layout_to_channel_mask Unhandled channel 0xffffffff
005d:fixme:coreaudio:ca_channel_layout_to_channel_mask Unhandled channel 0xffffffff
005d:fixme:coreaudio:ca_channel_layout_to_channel_mask Unhandled channel 0xffffffff
005d:fixme:coreaudio:ca_channel_layout_to_channel_mask Unhandled channel 0xffffffff
005d:fixme:coreaudio:ca_channel_layout_to_channel_mask Unhandled channel 0xffffffff
005d:fixme:coreaudio:ca_channel_layout_to_channel_mask Unhandled channel 0xffffffff
005d:fixme:coreaudio:ca_channel_layout_to_channel_mask Unhandled channel 0xffffffff
005d:fixme:coreaudio:ca_channel_layout_to_channel_mask Unhandled channel 0xffffffff
005d:fixme:coreaudio:ca_channel_layout_to_channel_mask Unhandled channel 0xffffffff
005d:fixme:coreaudio:ca_channel_layout_to_channel_mask Unhandled channel 0xffffffff
005d:fixme:coreaudio:ca_channel_layout_to_channel_mask Unhandled channel 0xffffffff
005d:fixme:coreaudio:ca_channel_layout_to_channel_mask Unhandled channel 0xffffffff
005d:fixme:coreaudio:ca_channel_layout_to_channel_mask Unhandled channel 0xffffffff
005d:fixme:coreaudio:ca_channel_layout_to_channel_mask Unhandled channel 0xffffffff
005d:fixme:coreaudio:ca_channel_layout_to_channel_mask Unhandled channel 0xffffffff
005d:fixme:coreaudio:ca_channel_layout_to_channel_mask Unhandled channel 0xffffffff
005d:fixme:coreaudio:ca_channel_layout_to_channel_mask Unhandled channel 0xffffffff
005d:fixme:coreaudio:ca_channel_layout_to_channel_mask Unhandled channel 0xffffffff
005d:fixme:coreaudio:ca_channel_layout_to_channel_mask Unhandled channel 0xffffffff
005d:fixme:coreaudio:ca_channel_layout_to_channel_mask Unhandled channel 0xffffffff
005d:fixme:coreaudio:ca_channel_layout_to_channel_mask Unhandled channel 0xffffffff
005d:fixme:coreaudio:ca_channel_layout_to_channel_mask Unhandled channel 0xffffffff
005d:fixme:coreaudio:ca_channel_layout_to_channel_mask Unhandled channel 0xffffffff
005d:fixme:coreaudio:ca_channel_layout_to_channel_mask Unhandled channel 0xffffffff
005d:fixme:coreaudio:ca_channel_layout_to_channel_mask Unhandled channel 0xffffffff
005d:fixme:coreaudio:ca_channel_layout_to_channel_mask Unhandled channel 0xffffffff
005d:fixme:coreaudio:ca_channel_layout_to_channel_mask Unhandled channel 0xffffffff
005d:fixme:coreaudio:ca_channel_layout_to_channel_mask Unhandled channel 0xffffffff
005d:fixme:coreaudio:ca_channel_layout_to_channel_mask Unhandled channel 0xffffffff
005d:fixme:coreaudio:ca_channel_layout_to_channel_mask Unhandled channel 0xffffffff
005d:fixme:coreaudio:ca_channel_layout_to_channel_mask Unhandled channel 0xffffffff
005d:fixme:coreaudio:ca_channel_layout_to_channel_mask Unhandled channel 0xffffffff
005d:fixme:coreaudio:ca_channel_layout_to_channel_mask Unhandled channel 0xffffffff
005d:fixme:coreaudio:ca_channel_layout_to_channel_mask Unhandled channel 0xffffffff
005d:fixme:coreaudio:ca_channel_layout_to_channel_mask Unhandled channel 0xffffffff
005d:fixme:coreaudio:ca_channel_layout_to_channel_mask Unhandled channel 0xffffffff
005d:fixme:coreaudio:ca_channel_layout_to_channel_mask Unhandled channel 0xffffffff
005d:fixme:coreaudio:ca_channel_layout_to_channel_mask Unhandled channel 0xffffffff
005d:fixme:coreaudio:ca_channel_layout_to_channel_mask Unhandled channel 0xffffffff
005d:fixme:coreaudio:ca_channel_layout_to_channel_mask Unhandled channel 0xffffffff
005d:fixme:coreaudio:ca_channel_layout_to_channel_mask Unhandled channel 0xffffffff
005d:fixme:coreaudio:ca_channel_layout_to_channel_mask Unhandled channel 0xffffffff
005d:fixme:coreaudio:ca_channel_layout_to_channel_mask Unhandled channel 0xffffffff
005d:fixme:coreaudio:ca_channel_layout_to_channel_mask Unhandled channel 0xffffffff
005d:fixme:coreaudio:ca_channel_layout_to_channel_mask Unhandled channel 0xffffffff
005d:fixme:coreaudio:ca_channel_layout_to_channel_mask Unhandled channel 0xffffffff
005d:fixme:coreaudio:ca_channel_layout_to_channel_mask Unhandled channel 0xffffffff
005d:fixme:coreaudio:ca_channel_layout_to_channel_mask Unhandled channel 0xffffffff
005d:fixme:coreaudio:ca_channel_layout_to_channel_mask Unhandled channel 0xffffffff
005d:fixme:coreaudio:ca_channel_layout_to_channel_mask Unhandled channel 0xffffffff
005d:fixme:coreaudio:ca_channel_layout_to_channel_mask Unhandled channel 0xffffffff
006f:fixme:combase:RoGetParameterizedTypeInstanceIID stub: 4 03C515E4 0978CCEC 0978D350 00000000
006f:fixme:combase:RoGetParameterizedTypeInstanceIID stub: 4 03C515E4 0978CCEC 0978D350 00000000
006f:fixme:path:parse_url failed to parse L"w.resources"
006f:fixme:path:parse_url failed to parse L"w.resources"
005d:fixme:coreaudio:ca_channel_layout_to_channel_mask Unhandled channel 0xffffffff
005d:fixme:coreaudio:ca_channel_layout_to_channel_mask Unhandled channel 0xffffffff
005d:fixme:coreaudio:ca_channel_layout_to_channel_mask Unhandled channel 0xffffffff
005d:fixme:coreaudio:ca_channel_layout_to_channel_mask Unhandled channel 0xffffffff
005d:fixme:coreaudio:ca_channel_layout_to_channel_mask Unhandled channel 0xffffffff
005d:fixme:coreaudio:ca_channel_layout_to_channel_mask Unhandled channel 0xffffffff
005d:fixme:coreaudio:ca_channel_layout_to_channel_mask Unhandled channel 0xffffffff
005d:fixme:coreaudio:ca_channel_layout_to_channel_mask Unhandled channel 0xffffffff
005d:fixme:coreaudio:ca_channel_layout_to_channel_mask Unhandled channel 0xffffffff
005d:fixme:coreaudio:ca_channel_layout_to_channel_mask Unhandled channel 0xffffffff
005d:fixme:coreaudio:ca_channel_layout_to_channel_mask Unhandled channel 0xffffffff
005d:fixme:coreaudio:ca_channel_layout_to_channel_mask Unhandled channel 0xffffffff
005d:fixme:coreaudio:ca_channel_layout_to_channel_mask Unhandled channel 0xffffffff
005d:fixme:coreaudio:ca_channel_layout_to_channel_mask Unhandled channel 0xffffffff
005d:fixme:coreaudio:ca_channel_layout_to_channel_mask Unhandled channel 0xffffffff
005d:fixme:coreaudio:ca_channel_layout_to_channel_mask Unhandled channel 0xffffffff
0072:fixme:avrt:AvSetMmThreadCharacteristicsW (L"Audio",09DDFDF8): stub
005d:fixme:path:parse_url failed to parse L"osu!ui"
005d:fixme:path:parse_url failed to parse L"osu!ui.resources"
0078:fixme:thread:NtGetCurrentProcessorNumber need multicore support (4 processors)
005d:fixme:win:RegisterTouchWindow (0x20056 00000002): stub
005d:fixme:combase:RoGetParameterizedTypeInstanceIID stub: 4 03C52F58 0031B3BC 0031BA20 00000000
005d:fixme:combase:RoGetParameterizedTypeInstanceIID stub: 3 03CEF0AC 0031B5AC 0031BC10 00000000
005d:fixme:combase:RoGetParameterizedTypeInstanceIID stub: 3 03D3263C 0031B5AC 0031BC10 00000000
005d:fixme:rawinput:RegisterRawInputDevices Unhandled flags 0x2100 for device 0.
005d:fixme:rawinput:RegisterRawInputDevices Unhandled flags 0x2100 for device 1.
005d:fixme:win:RegisterDeviceNotificationA (hwnd=0x20056, filter=0x31d268,flags=0x00000000) returns a fake device notification handle!
005d:fixme:ntdll:EtwEventRegister ({35167f8e-49b2-4b96-ab86-435b59336b5e}, 0xa60ae2, 0x0, 0x1a9e160) stub.
005d:fixme:path:parse_url failed to parse L"osu!gameplay"
005d:fixme:path:parse_url failed to parse L"osu!gameplay.resources"
005d:fixme:combase:RoGetParameterizedTypeInstanceIID stub: 4 03C0F514 0031D10C 0031D770 00000000
005d:fixme:combase:RoGetParameterizedTypeInstanceIID stub: 3 03C655E0 0031D2FC 0031D960 00000000
005d:fixme:combase:RoGetParameterizedTypeInstanceIID stub: 3 03C655E0 0031D2FC 0031D960 00000000
0068:fixme:path:parse_url failed to parse L"System.Management"
0068:fixme:path:parse_url failed to parse L"System.Configuration.Install"
0068:fixme:path:parse_url failed to parse L"Microsoft.JScript"
0065:fixme:path:parse_url failed to parse L"osu!gameplay.resources"
0068:fixme:ole:Context_QueryInterface interface not implemented {51372ae0-cae7-11cf-be81-00aa00a2fa25}
0065:fixme:path:parse_url failed to parse L"osu!ui.resources"
0068:fixme:wmiutils:wmiutils_cf_QueryInterface interface {b196b28f-bab4-101a-b69c-00aa00341d07} not implemented
0068:fixme:wmiutils:path_QueryInterface interface {c3fcc19e-a970-11d2-8b5a-00a0c9b7c9c4} not implemented
0068:fixme:wmiutils:path_QueryInterface interface {af86e2e0-b12d-4c6a-9c5a-d7aa65101e90} not implemented
0068:fixme:wmiutils:path_QueryInterface interface {ecc8691b-c1db-4dc0-855e-65f6c551af49} not implemented
0068:fixme:wmiutils:path_QueryInterface interface {94ea2b94-e9cc-49e0-c0ff-ee64ca8f5b90} not implemented
0068:fixme:wmiutils:path_QueryInterface interface {00000003-0000-0000-c000-000000000046} not implemented
0068:fixme:wmiutils:path_QueryInterface interface {00000144-0000-0000-c000-000000000046} not implemented
0068:fixme:wmiutils:path_GetInfo some flags are not implemented
0068:fixme:wmiutils:path_GetInfo some flags are not implemented
0068:fixme:ole:Context_QueryInterface interface not implemented {51372ae0-cae7-11cf-be81-00aa00a2fa25}
0068:fixme:wmiutils:wmiutils_cf_QueryInterface interface {b196b28f-bab4-101a-b69c-00aa00341d07} not implemented
0068:fixme:wmiutils:path_QueryInterface interface {c3fcc19e-a970-11d2-8b5a-00a0c9b7c9c4} not implemented
0068:fixme:wmiutils:path_QueryInterface interface {af86e2e0-b12d-4c6a-9c5a-d7aa65101e90} not implemented
0068:fixme:wmiutils:path_QueryInterface interface {ecc8691b-c1db-4dc0-855e-65f6c551af49} not implemented
0068:fixme:wmiutils:path_QueryInterface interface {94ea2b94-e9cc-49e0-c0ff-ee64ca8f5b90} not implemented
0068:fixme:wmiutils:path_QueryInterface interface {00000003-0000-0000-c000-000000000046} not implemented
0068:fixme:wmiutils:path_QueryInterface interface {00000144-0000-0000-c000-000000000046} not implemented
0068:fixme:ole:Context_QueryInterface interface not implemented {51372ae0-cae7-11cf-be81-00aa00a2fa25}
0068:fixme:wmiutils:wmiutils_cf_QueryInterface interface {b196b28f-bab4-101a-b69c-00aa00341d07} not implemented
0068:fixme:wmiutils:path_QueryInterface interface {c3fcc19e-a970-11d2-8b5a-00a0c9b7c9c4} not implemented
0068:fixme:wmiutils:path_QueryInterface interface {af86e2e0-b12d-4c6a-9c5a-d7aa65101e90} not implemented
0068:fixme:wmiutils:path_QueryInterface interface {ecc8691b-c1db-4dc0-855e-65f6c551af49} not implemented
0068:fixme:wmiutils:path_QueryInterface interface {94ea2b94-e9cc-49e0-c0ff-ee64ca8f5b90} not implemented
0068:fixme:wmiutils:path_QueryInterface interface {00000003-0000-0000-c000-000000000046} not implemented
0068:fixme:wmiutils:path_QueryInterface interface {00000144-0000-0000-c000-000000000046} not implemented
0068:fixme:ole:Context_QueryInterface interface not implemented {51372ae0-cae7-11cf-be81-00aa00a2fa25}
006d:fixme:secur32:schan_get_cipher_algid Don't know CALG for encryption algorithm 2, returning 0
006d:fixme:secur32:schan_imp_get_max_message_size Returning 1 << 14.
006d:fixme:secur32:schan_get_cipher_algid Don't know CALG for encryption algorithm 2, returning 0
0065:fixme:wincodecs:JpegDecoder_Frame_CopyPalette (0xc45c094,0x3c12f10): stub
005d:fixme:combase:RoGetParameterizedTypeInstanceIID stub: 4 03C0654C 0031CE7C 0031D4E0 00000000
005d:fixme:combase:RoGetParameterizedTypeInstanceIID stub: 3 0C45F908 0031D06C 0031D6D0 00000000
005d:fixme:combase:RoGetParameterizedTypeInstanceIID stub: 3 0C45F908 0031D06C 0031D6D0 00000000
0068:fixme:wbemprox:wbemprox_cf_QueryInterface interface {b196b28f-bab4-101a-b69c-00aa00341d07} not implemented
0068:fixme:wbemprox:wbem_locator_QueryInterface interface {c3fcc19e-a970-11d2-8b5a-00a0c9b7c9c4} not implemented
0068:fixme:wbemprox:wbem_locator_QueryInterface interface {af86e2e0-b12d-4c6a-9c5a-d7aa65101e90} not implemented
0068:fixme:wbemprox:wbem_locator_QueryInterface interface {ecc8691b-c1db-4dc0-855e-65f6c551af49} not implemented
0068:fixme:wbemprox:wbem_locator_QueryInterface interface {94ea2b94-e9cc-49e0-c0ff-ee64ca8f5b90} not implemented
0068:fixme:wbemprox:wbem_locator_QueryInterface interface {00000003-0000-0000-c000-000000000046} not implemented
0068:fixme:wbemprox:wbem_locator_QueryInterface interface {00000144-0000-0000-c000-000000000046} not implemented
0068:fixme:wbemprox:wbem_locator_ConnectServer authentication not supported
0068:fixme:wbemprox:wbem_locator_ConnectServer specific locale not supported
0068:fixme:wbemprox:wbem_locator_ConnectServer unsupported flags
0068:fixme:wbemprox:client_security_QueryBlanket 
0068:fixme:wbemprox:client_security_Release 6795F7B8
0068:fixme:wbemprox:client_security_SetBlanket 6795F7B8, 0C4655F8, 4294967295, 0, L"<COLE_DEFAULT_PRINCIPAL>", 2, 3, 00000000, 0x00000020
0068:fixme:wbemprox:client_security_Release 6795F7B8
0068:fixme:wbemprox:wbem_services_QueryInterface interface {c3fcc19e-a970-11d2-8b5a-00a0c9b7c9c4} not implemented
0068:fixme:wbemprox:wbem_services_QueryInterface interface {b196b283-bab4-101a-b69c-00aa00341d07} not implemented
0068:fixme:wbemprox:wbem_services_QueryInterface interface {af86e2e0-b12d-4c6a-9c5a-d7aa65101e90} not implemented
0068:fixme:wbemprox:wbem_services_QueryInterface interface {ecc8691b-c1db-4dc0-855e-65f6c551af49} not implemented
0068:fixme:wbemprox:wbem_services_QueryInterface interface {94ea2b94-e9cc-49e0-c0ff-ee64ca8f5b90} not implemented
0068:fixme:wbemprox:wbem_services_QueryInterface interface {00000003-0000-0000-c000-000000000046} not implemented
0068:fixme:wbemprox:wbem_services_QueryInterface interface {00000144-0000-0000-c000-000000000046} not implemented
0015:fixme:mountmgr:harddisk_ioctl The DISK_PARTITION_INFO and DISK_DETECTION_INFO structures will not be filled
0068:fixme:ntdll:server_ioctl_file Unsupported ioctl 700a0 (device=7 access=0 func=28 method=0)
0068:fixme:ole:Context_QueryInterface interface not implemented {51372ae0-cae7-11cf-be81-00aa00a2fa25}
0068:fixme:wmiutils:wmiutils_cf_QueryInterface interface {b196b28f-bab4-101a-b69c-00aa00341d07} not implemented
0068:fixme:wmiutils:path_QueryInterface interface {c3fcc19e-a970-11d2-8b5a-00a0c9b7c9c4} not implemented
0068:fixme:wmiutils:path_QueryInterface interface {af86e2e0-b12d-4c6a-9c5a-d7aa65101e90} not implemented
0068:fixme:wmiutils:path_QueryInterface interface {ecc8691b-c1db-4dc0-855e-65f6c551af49} not implemented
0068:fixme:wmiutils:path_QueryInterface interface {94ea2b94-e9cc-49e0-c0ff-ee64ca8f5b90} not implemented
0068:fixme:wmiutils:path_QueryInterface interface {00000003-0000-0000-c000-000000000046} not implemented
0068:fixme:wmiutils:path_QueryInterface interface {00000144-0000-0000-c000-000000000046} not implemented
0068:fixme:wbemprox:wbem_services_CreateInstanceEnum unsupported flags 0x00000011
0015:fixme:mountmgr:harddisk_ioctl The DISK_PARTITION_INFO and DISK_DETECTION_INFO structures will not be filled
0068:fixme:ntdll:server_ioctl_file Unsupported ioctl 700a0 (device=7 access=0 func=28 method=0)
0068:fixme:wbemprox:client_security_QueryBlanket 
0068:fixme:wbemprox:client_security_Release 6795F7B8
0068:fixme:wbemprox:client_security_SetBlanket 6795F7B8, 0C45C838, 4294967295, 0, L"<COLE_DEFAULT_PRINCIPAL>", 2, 3, 00000000, 0x00000020
0068:fixme:wbemprox:client_security_Release 6795F7B8
0068:fixme:wbemprox:enum_class_object_QueryInterface interface {c3fcc19e-a970-11d2-8b5a-00a0c9b7c9c4} not implemented
0068:fixme:wbemprox:enum_class_object_QueryInterface interface {b196b283-bab4-101a-b69c-00aa00341d07} not implemented
0068:fixme:wbemprox:enum_class_object_QueryInterface interface {af86e2e0-b12d-4c6a-9c5a-d7aa65101e90} not implemented
0068:fixme:wbemprox:enum_class_object_QueryInterface interface {ecc8691b-c1db-4dc0-855e-65f6c551af49} not implemented
0068:fixme:wbemprox:enum_class_object_QueryInterface interface {94ea2b94-e9cc-49e0-c0ff-ee64ca8f5b90} not implemented
0068:fixme:wbemprox:enum_class_object_QueryInterface interface {00000003-0000-0000-c000-000000000046} not implemented
0068:fixme:wbemprox:enum_class_object_QueryInterface interface {00000144-0000-0000-c000-000000000046} not implemented
0068:fixme:wbemprox:client_security_QueryBlanket 
0068:fixme:wbemprox:client_security_Release 6795F7B8
0068:fixme:wbemprox:client_security_SetBlanket 6795F7B8, 03C6D3F0, 4294967295, 0, L"<COLE_DEFAULT_PRINCIPAL>", 2, 3, 00000000, 0x00000020
0068:fixme:wbemprox:client_security_Release 6795F7B8
0068:fixme:wbemprox:enum_class_object_QueryInterface interface {c3fcc19e-a970-11d2-8b5a-00a0c9b7c9c4} not implemented
0068:fixme:wbemprox:enum_class_object_QueryInterface interface {b196b283-bab4-101a-b69c-00aa00341d07} not implemented
0068:fixme:wbemprox:enum_class_object_QueryInterface interface {af86e2e0-b12d-4c6a-9c5a-d7aa65101e90} not implemented
0068:fixme:wbemprox:enum_class_object_QueryInterface interface {ecc8691b-c1db-4dc0-855e-65f6c551af49} not implemented
0068:fixme:wbemprox:enum_class_object_QueryInterface interface {94ea2b94-e9cc-49e0-c0ff-ee64ca8f5b90} not implemented
0068:fixme:wbemprox:enum_class_object_QueryInterface interface {00000003-0000-0000-c000-000000000046} not implemented
0068:fixme:wbemprox:enum_class_object_QueryInterface interface {00000144-0000-0000-c000-000000000046} not implemented
0068:fixme:wbemprox:class_object_QueryInterface interface {c3fcc19e-a970-11d2-8b5a-00a0c9b7c9c4} not implemented
0068:fixme:wbemprox:class_object_QueryInterface interface {b196b283-bab4-101a-b69c-00aa00341d07} not implemented
0068:fixme:wbemprox:class_object_QueryInterface interface {af86e2e0-b12d-4c6a-9c5a-d7aa65101e90} not implemented
0068:fixme:wbemprox:class_object_QueryInterface interface {ecc8691b-c1db-4dc0-855e-65f6c551af49} not implemented
0068:fixme:wbemprox:class_object_QueryInterface interface {94ea2b94-e9cc-49e0-c0ff-ee64ca8f5b90} not implemented
0068:fixme:wbemprox:class_object_QueryInterface interface {00000003-0000-0000-c000-000000000046} not implemented
0068:fixme:wbemprox:class_object_QueryInterface interface {00000144-0000-0000-c000-000000000046} not implemented
0068:fixme:ole:Context_QueryInterface interface not implemented {51372ae0-cae7-11cf-be81-00aa00a2fa25}
0068:fixme:wmiutils:wmiutils_cf_QueryInterface interface {b196b28f-bab4-101a-b69c-00aa00341d07} not implemented
0068:fixme:wmiutils:path_QueryInterface interface {c3fcc19e-a970-11d2-8b5a-00a0c9b7c9c4} not implemented
0068:fixme:wmiutils:path_QueryInterface interface {af86e2e0-b12d-4c6a-9c5a-d7aa65101e90} not implemented
0068:fixme:wmiutils:path_QueryInterface interface {ecc8691b-c1db-4dc0-855e-65f6c551af49} not implemented
0068:fixme:wmiutils:path_QueryInterface interface {94ea2b94-e9cc-49e0-c0ff-ee64ca8f5b90} not implemented
0068:fixme:wmiutils:path_QueryInterface interface {00000003-0000-0000-c000-000000000046} not implemented
0068:fixme:wmiutils:path_QueryInterface interface {00000144-0000-0000-c000-000000000046} not implemented
0068:fixme:wmiutils:wmiutils_cf_QueryInterface interface {b196b28f-bab4-101a-b69c-00aa00341d07} not implemented
0068:fixme:wmiutils:status_code_QueryInterface interface {c3fcc19e-a970-11d2-8b5a-00a0c9b7c9c4} not implemented
0068:fixme:wmiutils:status_code_QueryInterface interface {af86e2e0-b12d-4c6a-9c5a-d7aa65101e90} not implemented
0068:fixme:wmiutils:status_code_QueryInterface interface {ecc8691b-c1db-4dc0-855e-65f6c551af49} not implemented
0068:fixme:wmiutils:status_code_QueryInterface interface {94ea2b94-e9cc-49e0-c0ff-ee64ca8f5b90} not implemented
0068:fixme:wmiutils:status_code_QueryInterface interface {00000003-0000-0000-c000-000000000046} not implemented
0068:fixme:wmiutils:status_code_QueryInterface interface {00000144-0000-0000-c000-000000000046} not implemented
0068:fixme:wmiutils:status_code_GetErrorCodeText 0C4656A8, 0x80041002, 0x0000, 0x00000001, 0644F188
006d:fixme:secur32:schan_get_cipher_algid Don't know CALG for encryption algorithm 2, returning 0
006d:fixme:secur32:schan_imp_get_max_message_size Returning 1 << 14.
006d:fixme:secur32:schan_get_cipher_algid Don't know CALG for encryption algorithm 2, returning 0
005f:fixme:ole:Context_CC_ContextCallback (03C5AAF8/03C5AAFC)->(00E77011, 039EF9EC, {d7174f82-36b8-4aa8-800a-e963ab2dfab9}, 2, 00000000)
005f:fixme:ole:Context_CC_ContextCallback (03C5AAF8/03C5AAFC)->(00E77011, 039EF974, {d7174f82-36b8-4aa8-800a-e963ab2dfab9}, 2, 00000000)
005f:fixme:ole:Context_CC_ContextCallback (03C5AAF8/03C5AAFC)->(00E77011, 039EF974, {d7174f82-36b8-4aa8-800a-e963ab2dfab9}, 2, 00000000)
005f:fixme:ole:Context_CC_ContextCallback (03C5AAF8/03C5AAFC)->(00E77011, 039EF974, {d7174f82-36b8-4aa8-800a-e963ab2dfab9}, 2, 00000000)
005f:fixme:ole:Context_CC_ContextCallback (03C5AAF8/03C5AAFC)->(00E77011, 039EF80C, {d7174f82-36b8-4aa8-800a-e963ab2dfab9}, 2, 00000000)
006d:fixme:wincodecs:JpegDecoder_Frame_CopyPalette (0xc44f584,0xc466390): stub
0079:fixme:thread:RtlCreateUserThread stack_reserve != 0 is unimplemented
007d:fixme:sync:SetWaitableTimerEx (00000590, 0C00FDA8, 500, 00000000, 00000000, 00000000, 50) semi-stub
007c:fixme:secur32:schan_get_cipher_algid Don't know CALG for encryption algorithm 2, returning 0
007c:fixme:secur32:schan_imp_get_max_message_size Returning 1 << 14.
007c:fixme:secur32:schan_get_cipher_algid Don't know CALG for encryption algorithm 2, returning 0
007b:fixme:secur32:schan_get_cipher_algid Don't know CALG for encryption algorithm 2, returning 0
007b:fixme:secur32:schan_imp_get_max_message_size Returning 1 << 14.
007b:fixme:secur32:schan_get_cipher_algid Don't know CALG for encryption algorithm 2, returning 0
007c:fixme:secur32:schan_get_cipher_algid Don't know CALG for encryption algorithm 2, returning 0
007c:fixme:secur32:schan_imp_get_max_message_size Returning 1 << 14.
007c:fixme:secur32:schan_get_cipher_algid Don't know CALG for encryption algorithm 2, returning 0
007b:fixme:secur32:schan_get_cipher_algid Don't know CALG for encryption algorithm 2, returning 0
007b:fixme:secur32:schan_imp_get_max_message_size Returning 1 << 14.
007b:fixme:secur32:schan_get_cipher_algid Don't know CALG for encryption algorithm 2, returning 0
007c:fixme:secur32:schan_get_cipher_algid Don't know CALG for encryption algorithm 2, returning 0
007c:fixme:secur32:schan_imp_get_max_message_size Returning 1 << 14.
007c:fixme:secur32:schan_get_cipher_algid Don't know CALG for encryption algorithm 2, returning 0
007b:fixme:secur32:schan_get_cipher_algid Don't know CALG for encryption algorithm 2, returning 0
007b:fixme:secur32:schan_imp_get_max_message_size Returning 1 << 14.
007b:fixme:secur32:schan_get_cipher_algid Don't know CALG for encryption algorithm 2, returning 0
0081:fixme:secur32:schan_get_cipher_algid Don't know CALG for encryption algorithm 2, returning 0
0081:fixme:secur32:schan_imp_get_max_message_size Returning 1 << 14.
0081:fixme:secur32:schan_get_cipher_algid Don't know CALG for encryption algorithm 2, returning 0
006d:fixme:secur32:schan_get_cipher_algid Don't know CALG for encryption algorithm 2, returning 0
006d:fixme:secur32:schan_imp_get_max_message_size Returning 1 << 14.
006d:fixme:secur32:schan_get_cipher_algid Don't know CALG for encryption algorithm 2, returning 0
005f:fixme:ole:Context_CC_ContextCallback (03C5AAF8/03C5AAFC)->(00E77011, 039EF9EC, {d7174f82-36b8-4aa8-800a-e963ab2dfab9}, 2, 00000000)
005f:fixme:ole:Context_CC_ContextCallback (03C5AAF8/03C5AAFC)->(00E77011, 039EF974, {d7174f82-36b8-4aa8-800a-e963ab2dfab9}, 2, 00000000)
005f:fixme:ole:Context_CC_ContextCallback (03C5AAF8/03C5AAFC)->(00E77011, 039EF974, {d7174f82-36b8-4aa8-800a-e963ab2dfab9}, 2, 00000000)
0081:fixme:secur32:schan_get_cipher_algid Don't know CALG for encryption algorithm 2, returning 0
0081:fixme:secur32:schan_imp_get_max_message_size Returning 1 << 14.
0081:fixme:secur32:schan_get_cipher_algid Don't know CALG for encryption algorithm 2, returning 0
007b:fixme:secur32:schan_get_cipher_algid Don't know CALG for encryption algorithm 2, returning 0
007b:fixme:secur32:schan_imp_get_max_message_size Returning 1 << 14.
007b:fixme:secur32:schan_get_cipher_algid Don't know CALG for encryption algorithm 2, returning 0
0081:fixme:secur32:schan_get_cipher_algid Don't know CALG for encryption algorithm 2, returning 0
0081:fixme:secur32:schan_imp_get_max_message_size Returning 1 << 14.
0081:fixme:secur32:schan_get_cipher_algid Don't know CALG for encryption algorithm 2, returning 0
0079:fixme:thread:NtQueryInformationThread ThreadIsIoPending info class not supported yet
007e:fixme:thread:NtQueryInformationThread ThreadIsIoPending info class not supported yet
0072:fixme:avrt:AvRevertMmThreadCharacteristics (12345678): stub
005f:fixme:ntdll:EtwEventUnregister (deadbeef) stub.
007f:fixme:thread:RtlCreateUserThread stack_reserve != 0 is unimplemented
005f:fixme:win:UnregisterDeviceNotification (handle=0xcafecafe), STUB!
005f:fixme:ntdll:EtwEventUnregister (deadbeef) stub.
005f:fixme:ole:Context_CC_ContextCallback (03C5AAF8/03C5AAFC)->(00E77011, 039EF644, {d7174f82-36b8-4aa8-800a-e963ab2dfab9}, 2, 00000000)
005f:fixme:ole:Context_CC_ContextCallback (03C5AAF8/03C5AAFC)->(00E77011, 039EF5CC, {d7174f82-36b8-4aa8-800a-e963ab2dfab9}, 2, 00000000)
005f:fixme:ole:Context_CC_ContextCallback (03C5AAF8/03C5AAFC)->(00E77011, 039EF5CC, {d7174f82-36b8-4aa8-800a-e963ab2dfab9}, 2, 00000000)
005f:fixme:ole:Context_CC_ContextCallback (03C5AAF8/03C5AAFC)->(00E77011, 039EF5CC, {d7174f82-36b8-4aa8-800a-e963ab2dfab9}, 2, 00000000)
005f:fixme:ole:Context_CC_ContextCallback (03C5AAF8/03C5AAFC)->(00E77011, 039EF5CC, {d7174f82-36b8-4aa8-800a-e963ab2dfab9}, 2, 00000000)
